<?xml version="1.0" encoding="UTF-8"?>
<!-- Generated by org.testng.reporters.JUnitXMLReporter -->
<testsuite ignored="0" hostname="Irfan" failures="0" tests="5" name="Default test" time="7.763" errors="0" timestamp="2024-11-12T10:19:34 IST">
  <testcase classname="api.test.CustomerTests" name="testCreateCustomer" time="4.281"/>
  <testcase classname="api.test.CustomerTests" name="testAddWalletHistory" time="0.348"/>
  <testcase classname="api.test.CustomerTests" name="testAddCustomerAddress" time="0.544"/>
  <testcase classname="api.test.CustomerTests" name="testGetCustomerAddressByCustomerId" time="0.504"/>
  <testcase classname="api.test.CustomerTests" name="testPlaceOrder" time="0.46"/>
</testsuite> <!-- Default test -->
